D:\LIBRARIES\OF_V0.8.0_VS_RELEASE\EXAMPLES\PROTO\EMPTYEXAMPLE\OBJ\DEBUG\MAIN.OBJ
D:\LIBRARIES\OF_V0.8.0_VS_RELEASE\EXAMPLES\PROTO\EMPTYEXAMPLE\OBJ\DEBUG\TESTAPP.OBJ
D:\LIBRARIES\OF_V0.8.0_VS_RELEASE\EXAMPLES\PROTO\EMPTYEXAMPLE\OBJ\DEBUG\VC110.PDB
D:\LIBRARIES\OF_V0.8.0_VS_RELEASE\EXAMPLES\PROTO\EMPTYEXAMPLE\OBJ\DEBUG\DBFOPEN.OBJ
D:\LIBRARIES\OF_V0.8.0_VS_RELEASE\EXAMPLES\PROTO\EMPTYEXAMPLE\OBJ\DEBUG\SAFILEIO.OBJ
D:\LIBRARIES\OF_V0.8.0_VS_RELEASE\EXAMPLES\PROTO\EMPTYEXAMPLE\OBJ\DEBUG\SHPOPEN.OBJ
D:\LIBRARIES\OF_V0.8.0_VS_RELEASE\EXAMPLES\PROTO\EMPTYEXAMPLE\OBJ\DEBUG\SHPTREE.OBJ
D:\Libraries\of_v0.8.0_vs_release\examples\proto\emptyExample\bin\emptyExample_debug.lib
D:\Libraries\of_v0.8.0_vs_release\examples\proto\emptyExample\bin\emptyExample_debug.exp
D:\LIBRARIES\OF_V0.8.0_VS_RELEASE\EXAMPLES\PROTO\EMPTYEXAMPLE\BIN\EMPTYEXAMPLE_DEBUG.ILK
D:\LIBRARIES\OF_V0.8.0_VS_RELEASE\EXAMPLES\PROTO\EMPTYEXAMPLE\BIN\EMPTYEXAMPLE_DEBUG.EXE
D:\LIBRARIES\OF_V0.8.0_VS_RELEASE\EXAMPLES\PROTO\EMPTYEXAMPLE\BIN\EMPTYEXAMPLE_DEBUG.PDB
D:\LIBRARIES\OF_V0.8.0_VS_RELEASE\EXAMPLES\PROTO\EMPTYEXAMPLE\OBJ\DEBUG\ICON.RES
D:\Libraries\of_v0.8.0_vs_release\examples\proto\emptyExample\obj\Debug\emptyExample.vcxprojResolveAssemblyReference.cache
D:\Libraries\of_v0.8.0_vs_release\examples\proto\emptyExample\obj\Debug\dbfopen.obj
D:\Libraries\of_v0.8.0_vs_release\examples\proto\emptyExample\obj\Debug\main.obj
D:\Libraries\of_v0.8.0_vs_release\examples\proto\emptyExample\obj\Debug\safileio.obj
D:\Libraries\of_v0.8.0_vs_release\examples\proto\emptyExample\obj\Debug\shpopen.obj
D:\Libraries\of_v0.8.0_vs_release\examples\proto\emptyExample\obj\Debug\shptree.obj
D:\Libraries\of_v0.8.0_vs_release\examples\proto\emptyExample\obj\Debug\testApp.obj
D:\Libraries\of_v0.8.0_vs_release\examples\proto\emptyExample\obj\Debug\cl.command.1.tlog
D:\Libraries\of_v0.8.0_vs_release\examples\proto\emptyExample\obj\Debug\CL.read.1.tlog
D:\Libraries\of_v0.8.0_vs_release\examples\proto\emptyExample\obj\Debug\CL.write.1.tlog
D:\Libraries\of_v0.8.0_vs_release\examples\proto\emptyExample\obj\Debug\emptyExample.write.1.tlog
D:\Libraries\of_v0.8.0_vs_release\examples\proto\emptyExample\obj\Debug\link-cvtres.read.1.tlog
D:\Libraries\of_v0.8.0_vs_release\examples\proto\emptyExample\obj\Debug\link-cvtres.write.1.tlog
D:\Libraries\of_v0.8.0_vs_release\examples\proto\emptyExample\obj\Debug\link-rc.read.1.tlog
D:\Libraries\of_v0.8.0_vs_release\examples\proto\emptyExample\obj\Debug\link-rc.write.1.tlog
D:\Libraries\of_v0.8.0_vs_release\examples\proto\emptyExample\obj\Debug\link.8496-cvtres.read.1.tlog
D:\Libraries\of_v0.8.0_vs_release\examples\proto\emptyExample\obj\Debug\link.8496-cvtres.write.1.tlog
D:\Libraries\of_v0.8.0_vs_release\examples\proto\emptyExample\obj\Debug\link.8496-rc.read.1.tlog
D:\Libraries\of_v0.8.0_vs_release\examples\proto\emptyExample\obj\Debug\link.8496-rc.write.1.tlog
D:\Libraries\of_v0.8.0_vs_release\examples\proto\emptyExample\obj\Debug\link.8496.read.1.tlog
D:\Libraries\of_v0.8.0_vs_release\examples\proto\emptyExample\obj\Debug\link.8496.write.1.tlog
D:\Libraries\of_v0.8.0_vs_release\examples\proto\emptyExample\obj\Debug\link.command.1.tlog
D:\Libraries\of_v0.8.0_vs_release\examples\proto\emptyExample\obj\Debug\link.read.1.tlog
D:\Libraries\of_v0.8.0_vs_release\examples\proto\emptyExample\obj\Debug\link.write.1.tlog
D:\Libraries\of_v0.8.0_vs_release\examples\proto\emptyExample\obj\Debug\rc.command.1.tlog
D:\Libraries\of_v0.8.0_vs_release\examples\proto\emptyExample\obj\Debug\rc.read.1.tlog
D:\Libraries\of_v0.8.0_vs_release\examples\proto\emptyExample\obj\Debug\rc.write.1.tlog
D:\Libraries\of_v0.8.0_vs_release\examples\proto\emptyExample\obj\Debug\icon.res
D:\Libraries\of_v0.8.0_vs_release\examples\proto\emptyExample\obj\Debug\vc110.idb
D:\Libraries\of_v0.8.0_vs_release\examples\proto\emptyExample\obj\Debug\vc110.pdb
D:\Libraries\of_v0.8.0_vs_release\examples\proto\emptyExample\bin\emptyExample_debug.exe
